<?xml version="1.0" encoding="UTF-8"?>
<coverage generated="1593712837369" clover="3.2.0">
  <project timestamp="1593712837369" name="All files">
    <metrics statements="28" coveredstatements="28" conditionals="8" coveredconditionals="8" methods="13" coveredmethods="13" elements="49" coveredelements="49" complexity="0" loc="28" ncloc="28" packages="1" files="2" classes="2"/>
    <file name="ListaCompra.jsx" path="/Users/angelisco1/Desktop/CURSOS/curso-react-prisa-3/react/ej-testing-jest-enzyme/src/components/ListaCompra/ListaCompra.jsx">
      <metrics statements="24" coveredstatements="24" conditionals="6" coveredconditionals="6" methods="11" coveredmethods="11"/>
      <line num="6" count="13" type="stmt"/>
      <line num="7" count="13" type="stmt"/>
      <line num="16" count="13" type="stmt"/>
      <line num="17" count="13" type="stmt"/>
      <line num="18" count="13" type="stmt"/>
      <line num="19" count="13" type="stmt"/>
      <line num="20" count="13" type="stmt"/>
      <line num="25" count="13" type="stmt"/>
      <line num="31" count="18" type="stmt"/>
      <line num="32" count="44" type="stmt"/>
      <line num="36" count="18" type="stmt"/>
      <line num="40" count="18" type="stmt"/>
      <line num="41" count="18" type="stmt"/>
      <line num="52" count="2" type="stmt"/>
      <line num="61" count="18" type="stmt"/>
      <line num="69" count="1" type="stmt"/>
      <line num="70" count="1" type="stmt"/>
      <line num="75" count="1" type="stmt"/>
      <line num="82" count="1" type="stmt"/>
      <line num="83" count="1" type="stmt"/>
      <line num="84" count="1" type="stmt"/>
      <line num="90" count="1" type="stmt"/>
      <line num="96" count="20" type="cond" truecount="2" falsecount="0"/>
      <line num="97" count="20" type="stmt"/>
    </file>
    <file name="Producto.jsx" path="/Users/angelisco1/Desktop/CURSOS/curso-react-prisa-3/react/ej-testing-jest-enzyme/src/components/ListaCompra/Producto.jsx">
      <metrics statements="4" coveredstatements="4" conditionals="2" coveredconditionals="2" methods="2" coveredmethods="2"/>
      <line num="3" count="1" type="stmt"/>
      <line num="4" count="17" type="stmt"/>
      <line num="7" count="17" type="stmt"/>
      <line num="8" count="1" type="stmt"/>
    </file>
  </project>
</coverage>
